[21-May-2018 10:58:02 UTC] PHP Warning:  Missing argument 1 for get_cat_name(), called in C:\OSPanel\domains\perinatalcenter-dnepr.com\wp-content\themes\perinatalcenter-dnepr.com\front-page.php on line 114 and defined in C:\OSPanel\domains\perinatalcenter-dnepr.com\wp-includes\category.php on line 204
[21-May-2018 10:58:02 UTC] PHP Warning:  Missing argument 1 for get_cat_name(), called in C:\OSPanel\domains\perinatalcenter-dnepr.com\wp-content\themes\perinatalcenter-dnepr.com\front-page.php on line 114 and defined in C:\OSPanel\domains\perinatalcenter-dnepr.com\wp-includes\category.php on line 204
[21-May-2018 10:58:19 UTC] PHP Warning:  Missing argument 1 for get_cat_name(), called in C:\OSPanel\domains\perinatalcenter-dnepr.com\wp-content\themes\perinatalcenter-dnepr.com\front-page.php on line 114 and defined in C:\OSPanel\domains\perinatalcenter-dnepr.com\wp-includes\category.php on line 204
[21-May-2018 10:58:19 UTC] PHP Warning:  Missing argument 1 for get_cat_name(), called in C:\OSPanel\domains\perinatalcenter-dnepr.com\wp-content\themes\perinatalcenter-dnepr.com\front-page.php on line 114 and defined in C:\OSPanel\domains\perinatalcenter-dnepr.com\wp-includes\category.php on line 204
[21-May-2018 11:56:59 UTC] PHP Warning:  Missing argument 1 for query_posts(), called in C:\OSPanel\domains\perinatalcenter-dnepr.com\wp-content\themes\perinatalcenter-dnepr.com\department-page.php on line 30 and defined in C:\OSPanel\domains\perinatalcenter-dnepr.com\wp-includes\query.php on line 96
[21-May-2018 11:57:03 UTC] PHP Warning:  Missing argument 1 for query_posts(), called in C:\OSPanel\domains\perinatalcenter-dnepr.com\wp-content\themes\perinatalcenter-dnepr.com\department-page.php on line 30 and defined in C:\OSPanel\domains\perinatalcenter-dnepr.com\wp-includes\query.php on line 96
[21-May-2018 12:58:52 UTC] PHP Parse error:  syntax error, unexpected '}' in C:\OSPanel\domains\perinatalcenter-dnepr.com\wp-content\themes\perinatalcenter-dnepr.com\search.php on line 40
[21-May-2018 13:20:28 UTC] PHP Fatal error:  Cannot redeclare mysearchexclude() (previously declared in C:\OSPanel\domains\perinatalcenter-dnepr.com\wp-content\themes\perinatalcenter-dnepr.com\functions.php:65) in C:\OSPanel\domains\perinatalcenter-dnepr.com\wp-content\themes\perinatalcenter-dnepr.com\functions.php on line 79
[21-May-2018 13:20:32 UTC] PHP Fatal error:  Cannot redeclare mysearchexclude() (previously declared in C:\OSPanel\domains\perinatalcenter-dnepr.com\wp-content\themes\perinatalcenter-dnepr.com\functions.php:65) in C:\OSPanel\domains\perinatalcenter-dnepr.com\wp-content\themes\perinatalcenter-dnepr.com\functions.php on line 79
[21-May-2018 13:21:56 UTC] PHP Warning:  array_map(): Argument #2 should be an array in C:\OSPanel\domains\perinatalcenter-dnepr.com\wp-includes\class-wp-query.php on line 1921
[21-May-2018 13:21:56 UTC] PHP Warning:  implode(): Invalid arguments passed in C:\OSPanel\domains\perinatalcenter-dnepr.com\wp-includes\class-wp-query.php on line 1921
[21-May-2018 13:21:56 UTC] Помилка БД WordPress You have an error in your SQL syntax; check the manual that corresponds to your MySQL server version for the right syntax to use near ') AND ( 
  wp_posts.ID NOT IN (
				SELECT object_id
				FROM wp_term_relationsh' at line 1 для запиту SELECT SQL_CALC_FOUND_ROWS  wp_posts.ID FROM wp_posts  WHERE 1=1  AND wp_posts.ID NOT IN () AND ( 
  wp_posts.ID NOT IN (
				SELECT object_id
				FROM wp_term_relationships
				WHERE term_taxonomy_id IN (1,6)
			)
) AND (((wp_posts.post_title LIKE '%привет%') OR (wp_posts.post_excerpt LIKE '%привет%') OR (wp_posts.post_content LIKE '%привет%')))  AND wp_posts.post_type IN ('post', 'page', 'attachment') AND (wp_posts.post_status = 'publish' OR wp_posts.post_author = 1 AND wp_posts.post_status = 'private') GROUP BY wp_posts.ID ORDER BY wp_posts.post_title LIKE '%привет%' DESC, wp_posts.post_date DESC LIMIT 0, 4 спричинена require('C:\OSPanel\domains\perinatalcenter-dnepr.com\wp-blog-header.php'), wp, WP->main, WP->query_posts, WP_Query->query, WP_Query->get_posts
[21-May-2018 13:22:35 UTC] PHP Warning:  array_map(): Argument #2 should be an array in C:\OSPanel\domains\perinatalcenter-dnepr.com\wp-includes\class-wp-query.php on line 1921
[21-May-2018 13:22:35 UTC] PHP Warning:  implode(): Invalid arguments passed in C:\OSPanel\domains\perinatalcenter-dnepr.com\wp-includes\class-wp-query.php on line 1921
[21-May-2018 13:22:35 UTC] Помилка БД WordPress You have an error in your SQL syntax; check the manual that corresponds to your MySQL server version for the right syntax to use near ') AND ( 
  wp_posts.ID NOT IN (
				SELECT object_id
				FROM wp_term_relationsh' at line 1 для запиту SELECT SQL_CALC_FOUND_ROWS  wp_posts.ID FROM wp_posts  WHERE 1=1  AND wp_posts.ID NOT IN () AND ( 
  wp_posts.ID NOT IN (
				SELECT object_id
				FROM wp_term_relationships
				WHERE term_taxonomy_id IN (1,6)
			)
) AND (((wp_posts.post_title LIKE '%привет%') OR (wp_posts.post_excerpt LIKE '%привет%') OR (wp_posts.post_content LIKE '%привет%')))  AND wp_posts.post_type IN ('post', 'page', 'attachment') AND (wp_posts.post_status = 'publish' OR wp_posts.post_author = 1 AND wp_posts.post_status = 'private') GROUP BY wp_posts.ID ORDER BY wp_posts.post_title LIKE '%привет%' DESC, wp_posts.post_date DESC LIMIT 0, 4 спричинена require('C:\OSPanel\domains\perinatalcenter-dnepr.com\wp-blog-header.php'), wp, WP->main, WP->query_posts, WP_Query->query, WP_Query->get_posts
[21-May-2018 13:24:14 UTC] PHP Warning:  array_map(): Argument #2 should be an array in C:\OSPanel\domains\perinatalcenter-dnepr.com\wp-includes\class-wp-query.php on line 1921
[21-May-2018 13:24:14 UTC] PHP Warning:  implode(): Invalid arguments passed in C:\OSPanel\domains\perinatalcenter-dnepr.com\wp-includes\class-wp-query.php on line 1921
[21-May-2018 13:24:14 UTC] Помилка БД WordPress You have an error in your SQL syntax; check the manual that corresponds to your MySQL server version for the right syntax to use near ') AND ( 
  wp_posts.ID NOT IN (
				SELECT object_id
				FROM wp_term_relationsh' at line 1 для запиту SELECT SQL_CALC_FOUND_ROWS  wp_posts.ID FROM wp_posts  WHERE 1=1  AND wp_posts.ID NOT IN () AND ( 
  wp_posts.ID NOT IN (
				SELECT object_id
				FROM wp_term_relationships
				WHERE term_taxonomy_id IN (1,6)
			)
) AND (((wp_posts.post_title LIKE '%привет%') OR (wp_posts.post_excerpt LIKE '%привет%') OR (wp_posts.post_content LIKE '%привет%')))  AND wp_posts.post_type IN ('post', 'page', 'attachment') AND (wp_posts.post_status = 'publish' OR wp_posts.post_author = 1 AND wp_posts.post_status = 'private') GROUP BY wp_posts.ID ORDER BY wp_posts.post_title LIKE '%привет%' DESC, wp_posts.post_date DESC LIMIT 0, 4 спричинена require('C:\OSPanel\domains\perinatalcenter-dnepr.com\wp-blog-header.php'), wp, WP->main, WP->query_posts, WP_Query->query, WP_Query->get_posts
